%このファイルは日本語文字を含みます.
\BOOKMARK [0][-]{chapter.1}{はじめに}{}% 1
\BOOKMARK [1][-]{section.1.1}{背景}{chapter.1}% 2
\BOOKMARK [1][-]{section.1.2}{目的}{chapter.1}% 3
\BOOKMARK [1][-]{section.1.3}{論文の構成}{chapter.1}% 4
\BOOKMARK [0][-]{chapter.2}{プログラミング演習におけるテストケース評価システム}{}% 5
\BOOKMARK [1][-]{section.2.1}{テストケース評価システム}{chapter.2}% 6
\BOOKMARK [1][-]{section.2.2}{入力のデータ構造の定義}{chapter.2}% 7
\BOOKMARK [1][-]{section.2.3}{関数定義}{chapter.2}% 8
\BOOKMARK [1][-]{section.2.4}{評価基準の具体例}{chapter.2}% 9
\BOOKMARK [1][-]{section.2.5}{システムの評価}{chapter.2}% 10
\BOOKMARK [1][-]{section.2.6}{システムの課題}{chapter.2}% 11
\BOOKMARK [0][-]{chapter.3}{テストケース評価基準の自動生成}{}% 12
\BOOKMARK [1][-]{section.3.1}{手法の概要}{chapter.3}% 13
\BOOKMARK [1][-]{section.3.2}{入力データの型に基づく評価基準}{chapter.3}% 14
\BOOKMARK [1][-]{section.3.3}{条件文に基づく評価基準}{chapter.3}% 15
\BOOKMARK [1][-]{section.3.4}{関数を含むプログラムに対する評価基準}{chapter.3}% 16
\BOOKMARK [0][-]{chapter.4}{プログラミング課題への適用}{}% 17
\BOOKMARK [1][-]{section.4.1}{評価基準を生成できた問題}{chapter.4}% 18
\BOOKMARK [1][-]{section.4.2}{評価基準を生成できなかった問題}{chapter.4}% 19
\BOOKMARK [1][-]{section.4.3}{繰り返し文を含むプログラムでの検証}{chapter.4}% 20
\BOOKMARK [1][-]{section.4.4}{配列を含むプログラムでの検証}{chapter.4}% 21
\BOOKMARK [1][-]{section.4.5}{関数を含むプログラムでの検証}{chapter.4}% 22
\BOOKMARK [0][-]{chapter.5}{おわりに}{}% 23
\BOOKMARK [0][-]{chapter*.2}{謝 辞}{}% 24
\BOOKMARK [0][-]{chapter*.3}{}{}% 25
